<?xml version="1.0" encoding="UTF-8"?>
<testsuites>
  <testsuite name="C:\xampp\htdocs\carteirafinanceira\phpunit.xml.dist" tests="9" assertions="6" errors="4" failures="0" skipped="0" time="1.908752">
    <testsuite name="App" tests="9" assertions="6" errors="4" failures="0" skipped="0" time="1.908752">
      <testsuite name="ExampleDatabaseTest" file="C:\xampp\htdocs\carteirafinanceira\tests\database\ExampleDatabaseTest.php" tests="2" assertions="3" errors="0" failures="0" skipped="0" time="1.399162">
        <testcase name="testModelFindAll" file="C:\xampp\htdocs\carteirafinanceira\tests\database\ExampleDatabaseTest.php" line="17" class="ExampleDatabaseTest" classname="ExampleDatabaseTest" assertions="1" time="1.370509"/>
        <testcase name="testSoftDeleteLeavesRow" file="C:\xampp\htdocs\carteirafinanceira\tests\database\ExampleDatabaseTest.php" line="28" class="ExampleDatabaseTest" classname="ExampleDatabaseTest" assertions="2" time="0.028654"/>
      </testsuite>
      <testsuite name="ExampleSessionTest" file="C:\xampp\htdocs\carteirafinanceira\tests\session\ExampleSessionTest.php" tests="1" assertions="1" errors="0" failures="0" skipped="0" time="0.045813">
        <testcase name="testSessionSimple" file="C:\xampp\htdocs\carteirafinanceira\tests\session\ExampleSessionTest.php" line="10" class="ExampleSessionTest" classname="ExampleSessionTest" assertions="1" time="0.045813"/>
      </testsuite>
      <testsuite name="HealthTest" file="C:\xampp\htdocs\carteirafinanceira\tests\unit\HealthTest.php" tests="2" assertions="2" errors="0" failures="0" skipped="0" time="0.463777">
        <testcase name="testIsDefinedAppPath" file="C:\xampp\htdocs\carteirafinanceira\tests\unit\HealthTest.php" line="12" class="HealthTest" classname="HealthTest" assertions="1" time="0.031176"/>
        <testcase name="testBaseUrlHasBeenSet" file="C:\xampp\htdocs\carteirafinanceira\tests\unit\HealthTest.php" line="17" class="HealthTest" classname="HealthTest" assertions="1" time="0.432601"/>
      </testsuite>
      <testsuite name="Tests\App\Services\WalletTest" file="C:\xampp\htdocs\carteirafinanceira\tests\unit\WalletTest.php" tests="4" assertions="0" errors="4" failures="0" skipped="0" time="0.000000">
        <testcase name="testDepositComUsuarioValido" file="C:\xampp\htdocs\carteirafinanceira\tests\unit\WalletTest.php" line="43" class="Tests\App\Services\WalletTest" classname="Tests.App.Services.WalletTest" assertions="0" time="0.000000">
          <error type="PHPUnit\Framework\MockObject\Generator\UnknownTypeException">Tests\App\Services\WalletTest::testDepositComUsuarioValido&#13;
PHPUnit\Framework\MockObject\Generator\UnknownTypeException: Class or interface "App\Models\UserModel" does not exist
&#13;
C:\xampp\htdocs\carteirafinanceira\tests\unit\WalletTest.php:24</error>
        </testcase>
        <testcase name="testDepositUsuarioNaoEncontrado" file="C:\xampp\htdocs\carteirafinanceira\tests\unit\WalletTest.php" line="63" class="Tests\App\Services\WalletTest" classname="Tests.App.Services.WalletTest" assertions="0" time="0.000000">
          <error type="PHPUnit\Framework\MockObject\Generator\UnknownTypeException">Tests\App\Services\WalletTest::testDepositUsuarioNaoEncontrado&#13;
PHPUnit\Framework\MockObject\Generator\UnknownTypeException: Class or interface "App\Models\UserModel" does not exist
&#13;
C:\xampp\htdocs\carteirafinanceira\tests\unit\WalletTest.php:24</error>
        </testcase>
        <testcase name="testTransferenciaValida" file="C:\xampp\htdocs\carteirafinanceira\tests\unit\WalletTest.php" line="73" class="Tests\App\Services\WalletTest" classname="Tests.App.Services.WalletTest" assertions="0" time="0.000000">
          <error type="PHPUnit\Framework\MockObject\Generator\UnknownTypeException">Tests\App\Services\WalletTest::testTransferenciaValida&#13;
PHPUnit\Framework\MockObject\Generator\UnknownTypeException: Class or interface "App\Models\UserModel" does not exist
&#13;
C:\xampp\htdocs\carteirafinanceira\tests\unit\WalletTest.php:24</error>
        </testcase>
        <testcase name="testTransferenciaSaldoInsuficiente" file="C:\xampp\htdocs\carteirafinanceira\tests\unit\WalletTest.php" line="107" class="Tests\App\Services\WalletTest" classname="Tests.App.Services.WalletTest" assertions="0" time="0.000000">
          <error type="PHPUnit\Framework\MockObject\Generator\UnknownTypeException">Tests\App\Services\WalletTest::testTransferenciaSaldoInsuficiente&#13;
PHPUnit\Framework\MockObject\Generator\UnknownTypeException: Class or interface "App\Models\UserModel" does not exist
&#13;
C:\xampp\htdocs\carteirafinanceira\tests\unit\WalletTest.php:24</error>
        </testcase>
      </testsuite>
    </testsuite>
  </testsuite>
</testsuites>
